1754932245.400683 client started (8474): version 3.3a, socket /tmp/tmux-1000/default, protocol 8
1754932245.400712 on Linux 6.12.25+rpt-rpi-2712 #1 SMP PREEMPT Debian 1:6.12.25-1+rpt1 (2025-04-30)
1754932245.400719 using libevent 2.1.12-stable (poll); ncurses 6.3
1754932245.400733 flags are 0x18010000
1754932245.400736 socket is /tmp/tmux-1000/default
1754932245.400746 trying connect
1754932245.400782 add peer 0x555627803ce0: 6 ((nil))
1754932245.401198 sending message 100 to peer 0x555627803ce0 (4 bytes)
1754932245.401207 sending message 111 to peer 0x555627803ce0 (8 bytes)
1754932245.401211 sending message 101 to peer 0x555627803ce0 (15 bytes)
1754932245.401215 sending message 109 to peer 0x555627803ce0 (4 bytes)
1754932245.401218 sending message 102 to peer 0x555627803ce0 (11 bytes)
1754932245.401222 sending message 108 to peer 0x555627803ce0 (26 bytes)
1754932245.401225 sending message 112 to peer 0x555627803ce0 (58 bytes)
1754932245.401229 sending message 112 to peer 0x555627803ce0 (5 bytes)
1754932245.401233 sending message 112 to peer 0x555627803ce0 (5 bytes)
1754932245.401236 sending message 112 to peer 0x555627803ce0 (6 bytes)
1754932245.401240 sending message 112 to peer 0x555627803ce0 (6 bytes)
1754932245.401243 sending message 112 to peer 0x555627803ce0 (11 bytes)
1754932245.401247 sending message 112 to peer 0x555627803ce0 (10 bytes)
1754932245.401250 sending message 112 to peer 0x555627803ce0 (13 bytes)
1754932245.401254 sending message 112 to peer 0x555627803ce0 (14 bytes)
1754932245.401257 sending message 112 to peer 0x555627803ce0 (19 bytes)
1754932245.401261 sending message 112 to peer 0x555627803ce0 (11 bytes)
1754932245.401264 sending message 112 to peer 0x555627803ce0 (10 bytes)
1754932245.401267 sending message 112 to peer 0x555627803ce0 (15 bytes)
1754932245.401271 sending message 112 to peer 0x555627803ce0 (21 bytes)
1754932245.401274 sending message 112 to peer 0x555627803ce0 (13 bytes)
1754932245.401278 sending message 112 to peer 0x555627803ce0 (7 bytes)
1754932245.401281 sending message 112 to peer 0x555627803ce0 (13 bytes)
1754932245.401285 sending message 112 to peer 0x555627803ce0 (7 bytes)
1754932245.401289 sending message 112 to peer 0x555627803ce0 (13 bytes)
1754932245.401292 sending message 112 to peer 0x555627803ce0 (9 bytes)
1754932245.401296 sending message 112 to peer 0x555627803ce0 (21 bytes)
1754932245.401299 sending message 112 to peer 0x555627803ce0 (13 bytes)
1754932245.401303 sending message 112 to peer 0x555627803ce0 (9 bytes)
1754932245.401306 sending message 112 to peer 0x555627803ce0 (16 bytes)
1754932245.401310 sending message 112 to peer 0x555627803ce0 (13 bytes)
1754932245.401313 sending message 112 to peer 0x555627803ce0 (9 bytes)
1754932245.401316 sending message 112 to peer 0x555627803ce0 (9 bytes)
1754932245.401320 sending message 112 to peer 0x555627803ce0 (12 bytes)
1754932245.401323 sending message 112 to peer 0x555627803ce0 (8 bytes)
1754932245.401327 sending message 112 to peer 0x555627803ce0 (8 bytes)
1754932245.401330 sending message 112 to peer 0x555627803ce0 (13 bytes)
1754932245.401334 sending message 112 to peer 0x555627803ce0 (7 bytes)
1754932245.401337 sending message 112 to peer 0x555627803ce0 (7 bytes)
1754932245.401341 sending message 112 to peer 0x555627803ce0 (9 bytes)
1754932245.401344 sending message 112 to peer 0x555627803ce0 (9 bytes)
1754932245.401347 sending message 112 to peer 0x555627803ce0 (15 bytes)
1754932245.401351 sending message 112 to peer 0x555627803ce0 (13 bytes)
1754932245.401354 sending message 112 to peer 0x555627803ce0 (12 bytes)
1754932245.401358 sending message 112 to peer 0x555627803ce0 (8 bytes)
1754932245.401361 sending message 112 to peer 0x555627803ce0 (14 bytes)
1754932245.401364 sending message 112 to peer 0x555627803ce0 (11 bytes)
1754932245.401368 sending message 112 to peer 0x555627803ce0 (9 bytes)
1754932245.401372 sending message 112 to peer 0x555627803ce0 (10 bytes)
1754932245.401375 sending message 112 to peer 0x555627803ce0 (10 bytes)
1754932245.401379 sending message 112 to peer 0x555627803ce0 (10 bytes)
1754932245.401382 sending message 112 to peer 0x555627803ce0 (10 bytes)
1754932245.401390 sending message 112 to peer 0x555627803ce0 (11 bytes)
1754932245.401393 sending message 112 to peer 0x555627803ce0 (12 bytes)
1754932245.401397 sending message 112 to peer 0x555627803ce0 (12 bytes)
1754932245.401400 sending message 112 to peer 0x555627803ce0 (12 bytes)
1754932245.401404 sending message 112 to peer 0x555627803ce0 (12 bytes)
1754932245.401407 sending message 112 to peer 0x555627803ce0 (12 bytes)
1754932245.401410 sending message 112 to peer 0x555627803ce0 (11 bytes)
1754932245.401414 sending message 112 to peer 0x555627803ce0 (11 bytes)
1754932245.401417 sending message 112 to peer 0x555627803ce0 (12 bytes)
1754932245.401421 sending message 112 to peer 0x555627803ce0 (12 bytes)
1754932245.401424 sending message 112 to peer 0x555627803ce0 (12 bytes)
1754932245.401428 sending message 112 to peer 0x555627803ce0 (12 bytes)
1754932245.401431 sending message 112 to peer 0x555627803ce0 (12 bytes)
1754932245.401434 sending message 112 to peer 0x555627803ce0 (9 bytes)
1754932245.401438 sending message 112 to peer 0x555627803ce0 (12 bytes)
1754932245.401441 sending message 112 to peer 0x555627803ce0 (13 bytes)
1754932245.401445 sending message 112 to peer 0x555627803ce0 (13 bytes)
1754932245.401448 sending message 112 to peer 0x555627803ce0 (13 bytes)
1754932245.401452 sending message 112 to peer 0x555627803ce0 (13 bytes)
1754932245.401455 sending message 112 to peer 0x555627803ce0 (13 bytes)
1754932245.401458 sending message 112 to peer 0x555627803ce0 (8 bytes)
1754932245.401462 sending message 112 to peer 0x555627803ce0 (11 bytes)
1754932245.401465 sending message 112 to peer 0x555627803ce0 (11 bytes)
1754932245.401469 sending message 112 to peer 0x555627803ce0 (11 bytes)
1754932245.401472 sending message 112 to peer 0x555627803ce0 (12 bytes)
1754932245.401476 sending message 112 to peer 0x555627803ce0 (12 bytes)
1754932245.401479 sending message 112 to peer 0x555627803ce0 (12 bytes)
1754932245.401482 sending message 112 to peer 0x555627803ce0 (12 bytes)
1754932245.401486 sending message 112 to peer 0x555627803ce0 (13 bytes)
1754932245.401490 sending message 112 to peer 0x555627803ce0 (13 bytes)
1754932245.401493 sending message 112 to peer 0x555627803ce0 (13 bytes)
1754932245.401497 sending message 112 to peer 0x555627803ce0 (8 bytes)
1754932245.401500 sending message 112 to peer 0x555627803ce0 (13 bytes)
1754932245.401503 sending message 112 to peer 0x555627803ce0 (13 bytes)
1754932245.401507 sending message 112 to peer 0x555627803ce0 (13 bytes)
1754932245.401510 sending message 112 to peer 0x555627803ce0 (13 bytes)
1754932245.401514 sending message 112 to peer 0x555627803ce0 (13 bytes)
1754932245.401517 sending message 112 to peer 0x555627803ce0 (12 bytes)
1754932245.401520 sending message 112 to peer 0x555627803ce0 (12 bytes)
1754932245.401524 sending message 112 to peer 0x555627803ce0 (12 bytes)
1754932245.401527 sending message 112 to peer 0x555627803ce0 (12 bytes)
1754932245.401531 sending message 112 to peer 0x555627803ce0 (13 bytes)
1754932245.401534 sending message 112 to peer 0x555627803ce0 (8 bytes)
1754932245.401538 sending message 112 to peer 0x555627803ce0 (13 bytes)
1754932245.401541 sending message 112 to peer 0x555627803ce0 (13 bytes)
1754932245.401545 sending message 112 to peer 0x555627803ce0 (13 bytes)
1754932245.401548 sending message 112 to peer 0x555627803ce0 (13 bytes)
1754932245.401551 sending message 112 to peer 0x555627803ce0 (13 bytes)
1754932245.401555 sending message 112 to peer 0x555627803ce0 (13 bytes)
1754932245.401558 sending message 112 to peer 0x555627803ce0 (13 bytes)
1754932245.401562 sending message 112 to peer 0x555627803ce0 (12 bytes)
1754932245.401565 sending message 112 to peer 0x555627803ce0 (12 bytes)
1754932245.401569 sending message 112 to peer 0x555627803ce0 (12 bytes)
1754932245.401572 sending message 112 to peer 0x555627803ce0 (8 bytes)
1754932245.401575 sending message 112 to peer 0x555627803ce0 (12 bytes)
1754932245.401579 sending message 112 to peer 0x555627803ce0 (13 bytes)
1754932245.401582 sending message 112 to peer 0x555627803ce0 (13 bytes)
1754932245.401587 sending message 112 to peer 0x555627803ce0 (13 bytes)
1754932245.401590 sending message 112 to peer 0x555627803ce0 (13 bytes)
1754932245.401594 sending message 112 to peer 0x555627803ce0 (13 bytes)
1754932245.401597 sending message 112 to peer 0x555627803ce0 (13 bytes)
1754932245.401601 sending message 112 to peer 0x555627803ce0 (13 bytes)
1754932245.401604 sending message 112 to peer 0x555627803ce0 (13 bytes)
1754932245.401608 sending message 112 to peer 0x555627803ce0 (12 bytes)
1754932245.401611 sending message 112 to peer 0x555627803ce0 (10 bytes)
1754932245.401614 sending message 112 to peer 0x555627803ce0 (12 bytes)
1754932245.401618 sending message 112 to peer 0x555627803ce0 (12 bytes)
1754932245.401621 sending message 112 to peer 0x555627803ce0 (12 bytes)
1754932245.401625 sending message 112 to peer 0x555627803ce0 (13 bytes)
1754932245.401628 sending message 112 to peer 0x555627803ce0 (13 bytes)
1754932245.401631 sending message 112 to peer 0x555627803ce0 (13 bytes)
1754932245.401635 sending message 112 to peer 0x555627803ce0 (13 bytes)
1754932245.401638 sending message 112 to peer 0x555627803ce0 (13 bytes)
1754932245.401642 sending message 112 to peer 0x555627803ce0 (13 bytes)
1754932245.401645 sending message 112 to peer 0x555627803ce0 (13 bytes)
1754932245.401649 sending message 112 to peer 0x555627803ce0 (10 bytes)
1754932245.401652 sending message 112 to peer 0x555627803ce0 (13 bytes)
1754932245.401655 sending message 112 to peer 0x555627803ce0 (12 bytes)
1754932245.401659 sending message 112 to peer 0x555627803ce0 (12 bytes)
1754932245.401662 sending message 112 to peer 0x555627803ce0 (12 bytes)
1754932245.401666 sending message 112 to peer 0x555627803ce0 (10 bytes)
1754932245.401669 sending message 112 to peer 0x555627803ce0 (10 bytes)
1754932245.401672 sending message 112 to peer 0x555627803ce0 (10 bytes)
1754932245.401676 sending message 112 to peer 0x555627803ce0 (12 bytes)
1754932245.401679 sending message 112 to peer 0x555627803ce0 (13 bytes)
1754932245.401683 sending message 112 to peer 0x555627803ce0 (13 bytes)
1754932245.401686 sending message 112 to peer 0x555627803ce0 (13 bytes)
1754932245.401690 sending message 112 to peer 0x555627803ce0 (13 bytes)
1754932245.401693 sending message 112 to peer 0x555627803ce0 (13 bytes)
1754932245.401697 sending message 112 to peer 0x555627803ce0 (10 bytes)
1754932245.401700 sending message 112 to peer 0x555627803ce0 (11 bytes)
1754932245.401704 sending message 112 to peer 0x555627803ce0 (12 bytes)
1754932245.401707 sending message 112 to peer 0x555627803ce0 (12 bytes)
1754932245.401710 sending message 112 to peer 0x555627803ce0 (12 bytes)
1754932245.401714 sending message 112 to peer 0x555627803ce0 (12 bytes)
1754932245.401717 sending message 112 to peer 0x555627803ce0 (12 bytes)
1754932245.401721 sending message 112 to peer 0x555627803ce0 (11 bytes)
1754932245.401724 sending message 112 to peer 0x555627803ce0 (12 bytes)
1754932245.401727 sending message 112 to peer 0x555627803ce0 (12 bytes)
1754932245.401731 sending message 112 to peer 0x555627803ce0 (13 bytes)
1754932245.401734 sending message 112 to peer 0x555627803ce0 (13 bytes)
1754932245.401738 sending message 112 to peer 0x555627803ce0 (13 bytes)
1754932245.401741 sending message 112 to peer 0x555627803ce0 (13 bytes)
1754932245.401744 sending message 112 to peer 0x555627803ce0 (13 bytes)
1754932245.401748 sending message 112 to peer 0x555627803ce0 (10 bytes)
1754932245.401751 sending message 112 to peer 0x555627803ce0 (9 bytes)
1754932245.401755 sending message 112 to peer 0x555627803ce0 (12 bytes)
1754932245.401758 sending message 112 to peer 0x555627803ce0 (13 bytes)
1754932245.401761 sending message 112 to peer 0x555627803ce0 (13 bytes)
1754932245.401765 sending message 112 to peer 0x555627803ce0 (13 bytes)
1754932245.401768 sending message 112 to peer 0x555627803ce0 (13 bytes)
1754932245.401772 sending message 112 to peer 0x555627803ce0 (13 bytes)
1754932245.401775 sending message 112 to peer 0x555627803ce0 (9 bytes)
1754932245.401780 sending message 112 to peer 0x555627803ce0 (12 bytes)
1754932245.401784 sending message 112 to peer 0x555627803ce0 (13 bytes)
1754932245.401787 sending message 112 to peer 0x555627803ce0 (13 bytes)
1754932245.401791 sending message 112 to peer 0x555627803ce0 (13 bytes)
1754932245.401794 sending message 112 to peer 0x555627803ce0 (13 bytes)
1754932245.401798 sending message 112 to peer 0x555627803ce0 (13 bytes)
1754932245.401801 sending message 112 to peer 0x555627803ce0 (11 bytes)
1754932245.401804 sending message 112 to peer 0x555627803ce0 (12 bytes)
1754932245.401808 sending message 112 to peer 0x555627803ce0 (13 bytes)
1754932245.401811 sending message 112 to peer 0x555627803ce0 (13 bytes)
1754932245.401815 sending message 112 to peer 0x555627803ce0 (13 bytes)
1754932245.401818 sending message 112 to peer 0x555627803ce0 (13 bytes)
1754932245.401821 sending message 112 to peer 0x555627803ce0 (13 bytes)
1754932245.401825 sending message 112 to peer 0x555627803ce0 (11 bytes)
1754932245.401828 sending message 112 to peer 0x555627803ce0 (12 bytes)
1754932245.401832 sending message 112 to peer 0x555627803ce0 (12 bytes)
1754932245.401835 sending message 112 to peer 0x555627803ce0 (12 bytes)
1754932245.401838 sending message 112 to peer 0x555627803ce0 (12 bytes)
1754932245.401842 sending message 112 to peer 0x555627803ce0 (12 bytes)
1754932245.401846 sending message 112 to peer 0x555627803ce0 (21 bytes)
1754932245.401849 sending message 112 to peer 0x555627803ce0 (12 bytes)
1754932245.401865 sending message 112 to peer 0x555627803ce0 (9 bytes)
1754932245.401871 sending message 112 to peer 0x555627803ce0 (6 bytes)
1754932245.401874 sending message 112 to peer 0x555627803ce0 (13 bytes)
1754932245.401878 sending message 112 to peer 0x555627803ce0 (10 bytes)
1754932245.401881 sending message 112 to peer 0x555627803ce0 (24 bytes)
1754932245.401885 sending message 112 to peer 0x555627803ce0 (13 bytes)
1754932245.401888 sending message 112 to peer 0x555627803ce0 (9 bytes)
1754932245.401892 sending message 112 to peer 0x555627803ce0 (70 bytes)
1754932245.401895 sending message 112 to peer 0x555627803ce0 (69 bytes)
1754932245.401898 sending message 112 to peer 0x555627803ce0 (12 bytes)
1754932245.401902 sending message 112 to peer 0x555627803ce0 (10 bytes)
1754932245.401905 sending message 112 to peer 0x555627803ce0 (10 bytes)
1754932245.401909 sending message 112 to peer 0x555627803ce0 (24 bytes)
1754932245.401912 sending message 112 to peer 0x555627803ce0 (13 bytes)
1754932245.401916 sending message 112 to peer 0x555627803ce0 (10 bytes)
1754932245.401919 sending message 112 to peer 0x555627803ce0 (10 bytes)
1754932245.401922 sending message 112 to peer 0x555627803ce0 (10 bytes)
1754932245.401926 sending message 112 to peer 0x555627803ce0 (13 bytes)
1754932245.401929 sending message 112 to peer 0x555627803ce0 (15 bytes)
1754932245.401933 sending message 112 to peer 0x555627803ce0 (5 bytes)
1754932245.401937 sending message 104 to peer 0x555627803ce0 (0 bytes)
1754932245.401941 sending message 110 to peer 0x555627803ce0 (0 bytes)
1754932245.401945 sending message 107 to peer 0x555627803ce0 (4 bytes)
1754932245.401948 sending message 105 to peer 0x555627803ce0 (16 bytes)
1754932245.401952 sending message 105 to peer 0x555627803ce0 (61 bytes)
1754932245.401955 sending message 105 to peer 0x555627803ce0 (15 bytes)
1754932245.401959 sending message 105 to peer 0x555627803ce0 (30 bytes)
1754932245.401962 sending message 105 to peer 0x555627803ce0 (15 bytes)
1754932245.401966 sending message 105 to peer 0x555627803ce0 (21 bytes)
1754932245.401969 sending message 105 to peer 0x555627803ce0 (15 bytes)
1754932245.401973 sending message 105 to peer 0x555627803ce0 (18 bytes)
1754932245.401976 sending message 105 to peer 0x555627803ce0 (17 bytes)
1754932245.401980 sending message 105 to peer 0x555627803ce0 (1764 bytes)
1754932245.401986 sending message 105 to peer 0x555627803ce0 (19 bytes)
1754932245.401990 sending message 105 to peer 0x555627803ce0 (55 bytes)
1754932245.401993 sending message 105 to peer 0x555627803ce0 (26 bytes)
1754932245.402004 sending message 105 to peer 0x555627803ce0 (23 bytes)
1754932245.402007 sending message 105 to peer 0x555627803ce0 (20 bytes)
1754932245.402011 sending message 105 to peer 0x555627803ce0 (12 bytes)
1754932245.402014 sending message 105 to peer 0x555627803ce0 (27 bytes)
1754932245.402018 sending message 105 to peer 0x555627803ce0 (8 bytes)
1754932245.402021 sending message 105 to peer 0x555627803ce0 (14 bytes)
1754932245.402025 sending message 105 to peer 0x555627803ce0 (17 bytes)
1754932245.402028 sending message 105 to peer 0x555627803ce0 (31 bytes)
1754932245.402031 sending message 105 to peer 0x555627803ce0 (35 bytes)
1754932245.402035 sending message 105 to peer 0x555627803ce0 (24 bytes)
1754932245.402038 sending message 105 to peer 0x555627803ce0 (138 bytes)
1754932245.402042 sending message 105 to peer 0x555627803ce0 (15 bytes)
1754932245.402045 sending message 105 to peer 0x555627803ce0 (54 bytes)
1754932245.402049 sending message 105 to peer 0x555627803ce0 (52 bytes)
1754932245.402052 sending message 105 to peer 0x555627803ce0 (19 bytes)
1754932245.402055 sending message 105 to peer 0x555627803ce0 (28 bytes)
1754932245.402059 sending message 105 to peer 0x555627803ce0 (21 bytes)
1754932245.402062 sending message 105 to peer 0x555627803ce0 (16 bytes)
1754932245.402066 sending message 106 to peer 0x555627803ce0 (0 bytes)
1754932245.402123 sending message 200 to peer 0x555627803ce0 (4 bytes)
1754932245.402127 client loop enter
1754932245.405251 peer 0x555627803ce0 message 207
1754932245.405265 sending message 208 to peer 0x555627803ce0 (0 bytes)
1754932248.339221 peer 0x555627803ce0 message 203
1754932248.339234 sending message 205 to peer 0x555627803ce0 (0 bytes)
1754932248.339490 peer 0x555627803ce0 message 204
1754932248.339494 client loop exit
